<?xml version="1.0" encoding="UTF-8"?>
<!-- Generated by org.testng.reporters.JUnitReportReporter -->
<testsuite hostname="DESKTOP-2FQH628" failures="0" tests="1" name="test.automation.restAPI.Employee" time="2.385" errors="0" timestamp="2019-09-07T14:10:49 CEST" skipped="0">
  <testcase classname="test.automation.restAPI.Employee" name="createEmployee" time="2.385"/>
</testsuite> <!-- test.automation.restAPI.Employee -->
