<?xml version="1.0" encoding="UTF-8"?>
<!-- Generated by org.testng.reporters.JUnitReportReporter -->
<testsuite hostname="DESKTOP-2FQH628" failures="0" tests="2" name="test.automation.restAPI.GetRequest" time="4.212" errors="0" timestamp="2019-09-09T14:30:26 CEST" skipped="0">
  <testcase classname="test.automation.restAPI.GetRequest" name="getEmployee" time="3.570"/>
  <testcase classname="test.automation.restAPI.GetRequest" name="getEmployee" time="0.642"/>
</testsuite> <!-- test.automation.restAPI.GetRequest -->
