<?xml version="1.0" encoding="UTF-8"?>
<!-- Generated by org.testng.reporters.JUnitReportReporter -->
<testsuite hostname="DESKTOP-2FQH628" failures="0" tests="2" name="test.automation.restAPI.DeleteRequest" time="5.422" errors="0" timestamp="2019-09-09T15:15:42 CEST" skipped="0">
  <testcase classname="test.automation.restAPI.DeleteRequest" name="deleteEmployee" time="1.604"/>
  <testcase classname="test.automation.restAPI.DeleteRequest" name="deleteEmployee" time="3.818"/>
</testsuite> <!-- test.automation.restAPI.DeleteRequest -->
