<?xml version="1.0" encoding="UTF-8"?>
<!-- Generated by org.testng.reporters.JUnitReportReporter -->
<testsuite hostname="DESKTOP-2FQH628" failures="0" tests="2" name="test.automation.restAPI.CreateRequest" time="3.631" errors="0" timestamp="2019-09-09T21:11:35 CEST" skipped="0">
  <testcase classname="test.automation.restAPI.CreateRequest" name="createEmployee" time="0.512"/>
  <testcase classname="test.automation.restAPI.CreateRequest" name="createEmployee" time="3.119"/>
</testsuite> <!-- test.automation.restAPI.CreateRequest -->
